[+] Containers:
 |- [+] Container: /Game/ThirdPerson/Maps/ThirdPersonMap
 |   |- [+] ActorDescs:
 |   |   |- Guid:10BDFEA34390EB25C35510BC8125E126 BaseClass:/Game/Base/BP_BASE.BP_BASE_C NativeClass:/Script/Engine.Pawn Name:BP_BASE_C_UAID_7C8AE1C2732D5A0D02_1404439068 Label:BP_BASE SpatiallyLoaded:1 Bounds:IsValid=true, Min=(X=594.000 Y=2464.000 Z=-178.000), Max=(X=946.000 Y=2816.000 Z=318.000) RuntimeGrid:None EditorOnly:0 RuntimeOnly:0 HLODRelevant:0
 |   |   |- Guid:1964E05448F73AA5409ECA8F8883496F BaseClass: NativeClass:/Script/Engine.StaticMeshActor Name:StaticMeshActor_UAID_7C8AE1C2732D0E0A02_1551923528 Label:Combined2 SpatiallyLoaded:1 Bounds:IsValid=true, Min=(X=0.000 Y=0.000 Z=-25.000), Max=(X=0.000 Y=0.000 Z=-25.000) RuntimeGrid:None EditorOnly:0 RuntimeOnly:0 HLODRelevant:0
 |   |   |- Guid:2D8DE07D4C702D950708E7BEF4A32193 BaseClass: NativeClass:/Script/Engine.StaticMeshActor Name:StaticMeshActor_UAID_7C8AE1C2732D6C0D02_1536788231 Label:3d-model2 SpatiallyLoaded:1 Bounds:IsValid=true, Min=(X=-2347.974 Y=45.534 Z=102.972), Max=(X=-1852.026 Y=254.466 Z=246.579) RuntimeGrid:None EditorOnly:0 RuntimeOnly:0 HLODRelevant:1
 |   |   |- Guid:2FB58999456391D349DC0F86DAC136ED BaseClass: NativeClass:/Script/Engine.SkyLight Name:SkyLight_1 Label:SkyLight SpatiallyLoaded:0 Bounds:IsValid=true, Min=(X=0.000 Y=0.000 Z=690.000), Max=(X=0.000 Y=0.000 Z=690.000) RuntimeGrid:None EditorOnly:0 RuntimeOnly:0 HLODRelevant:0 FolderPath:Lighting FolderGuid:963EC3EB4002CCE9759E2EBA541A873A
 |   |   |- Guid:316CF2A6494ACA4C0E4180A87D36AB8F BaseClass: NativeClass:/Script/Engine.ExponentialHeightFog Name:ExponentialHeightFog_0 Label:ExponentialHeightFog SpatiallyLoaded:0 Bounds:IsValid=true, Min=(X=-5600.000 Y=-50.000 Z=-6850.000), Max=(X=-5600.000 Y=-50.000 Z=-6850.000) RuntimeGrid:None EditorOnly:0 RuntimeOnly:0 HLODRelevant:0 FolderPath:Lighting FolderGuid:963EC3EB4002CCE9759E2EBA541A873A
 |   |   |- Guid:43815E84492231AFC407F59E3C28176B BaseClass: NativeClass:/Script/Engine.StaticMeshActor Name:StaticMeshActor_4 Label:SM_Cube6 SpatiallyLoaded:1 Bounds:IsValid=true, Min=(X=2900.000 Y=100.000 Z=0.000), Max=(X=3000.000 Y=3400.000 Z=400.000) RuntimeGrid:None EditorOnly:0 RuntimeOnly:0 HLODRelevant:1 FolderPath:Playground FolderGuid:C73F09FC4215536B1DCE2A9E0A830C70
 |   |   |- Guid:48FEA0564A2AF3ABDD8158800C0D08F0 BaseClass: NativeClass:/Script/Engine.StaticMeshActor Name:StaticMeshActor_UAID_7C8AE1C2732D1A0A02_2053313632 Label:3d-model SpatiallyLoaded:1 Bounds:IsValid=true, Min=(X=210.000 Y=4590.000 Z=360.000), Max=(X=210.000 Y=4590.000 Z=360.000) RuntimeGrid:None EditorOnly:0 RuntimeOnly:0 HLODRelevant:0
 |   |   |- Guid:4D3BE93F4146AAAC8BBE79999D96D57F BaseClass: NativeClass:/Script/Engine.VolumetricCloud Name:VolumetricCloud_0 Label:VolumetricCloud SpatiallyLoaded:0 Bounds:IsValid=true, Min=(X=0.000 Y=0.000 Z=820.000), Max=(X=0.000 Y=0.000 Z=820.000) RuntimeGrid:None EditorOnly:0 RuntimeOnly:0 HLODRelevant:0 FolderPath:Lighting FolderGuid:963EC3EB4002CCE9759E2EBA541A873A
 |   |   |- Guid:576FD2D34D6BF428E5EECC88A65D6903 BaseClass:/Game/BP_Meteor.BP_Meteor_C NativeClass:/Script/Engine.Actor Name:BP_Meteor_C_UAID_7C8AE1C2732D9A0A02_1296558159 Label:BP_Meteor SpatiallyLoaded:1 Bounds:IsValid=true, Min=(X=1584.000 Y=1004.000 Z=4.000), Max=(X=1656.000 Y=1076.000 Z=76.000) RuntimeGrid:None EditorOnly:0 RuntimeOnly:0 HLODRelevant:0
 |   |   |- Guid:5BA7C5D74DDBD01D814AC59E8888741E BaseClass: NativeClass:/Script/Engine.StaticMeshActor Name:StaticMeshActor_UAID_7C8AE1C2732D680D02_1825988535 Label:Combined SpatiallyLoaded:1 Bounds:IsValid=true, Min=(X=-2845.959 Y=326.054 Z=-1.504), Max=(X=-2657.628 Y=514.385 Z=310.821) RuntimeGrid:None EditorOnly:0 RuntimeOnly:0 HLODRelevant:0
 |   |   |- Guid:5C4AF33E4FBB0D5D3F2505B54BA4E339 BaseClass: NativeClass:/Script/Engine.StaticMeshActor Name:StaticMeshActor_UAID_7C8AE1C2732D1A0A02_2093891634 Label:SM_Lamp_Wall SpatiallyLoaded:1 Bounds:IsValid=true, Min=(X=-12090.066 Y=1861.691 Z=15279.952), Max=(X=-12071.691 Y=1898.309 Z=15309.370) RuntimeGrid:None EditorOnly:0 RuntimeOnly:0 HLODRelevant:1
 |   |   |- Guid:6BAF4DDD444C60371492D3919DB42C97 BaseClass: NativeClass:/Script/Engine.WorldDataLayers Name:WorldDataLayers Label:WorldDataLayers SpatiallyLoaded:0 Bounds:IsValid=true, Min=(X=0.000 Y=0.000 Z=0.000), Max=(X=0.000 Y=0.000 Z=0.000) RuntimeGrid:None EditorOnly:0 RuntimeOnly:0 HLODRelevant:0
 |   |   |- Guid:745A095B4BA4E157E4537FA63F5B7B43 BaseClass: NativeClass:/Script/Engine.StaticMeshActor Name:StaticMeshActor_2 Label:SM_ChamferCube SpatiallyLoaded:1 Bounds:IsValid=true, Min=(X=790.000 Y=860.000 Z=0.013), Max=(X=890.000 Y=960.000 Z=100.013) RuntimeGrid:None EditorOnly:0 RuntimeOnly:0 HLODRelevant:0
 |   |   |- Guid:926B4BBD449291FF048834A43C4EBC79 BaseClass: NativeClass:/Script/Engine.Emitter Name:Emitter_UAID_7C8AE1C2732D1A0A02_2078183633 Label:P_Explosion SpatiallyLoaded:1 Bounds:IsValid=true, Min=(X=-19740.000 Y=2830.000 Z=14230.000), Max=(X=-19540.000 Y=3030.000 Z=14430.000) RuntimeGrid:None EditorOnly:0 RuntimeOnly:0 HLODRelevant:0
 |   |   |- Guid:95793F804C816B0EF391E88131D4CF58 BaseClass: NativeClass:/Script/Engine.StaticMeshActor Name:StaticMeshActor_UAID_7C8AE1C2732D580D02_1875950711 Label:SM_Cube9 SpatiallyLoaded:1 Bounds:IsValid=true, Min=(X=-2651.345 Y=2038.259 Z=0.000), Max=(X=-1745.942 Y=3070.000 Z=200.000) RuntimeGrid:None EditorOnly:0 RuntimeOnly:0 HLODRelevant:1 FolderPath:Block02 FolderGuid:EBA23F8248252949750E43911A3A1CDD
 |   |   |- Guid:96B8577245EE20BF3971B991315781A2 BaseClass: NativeClass:/Script/Engine.StaticMeshActor Name:StaticMeshActor_UAID_7C8AE1C2732D1B0A02_1256889812 Label:uploads_files_3990703_Toy+Rocket SpatiallyLoaded:1 Bounds:IsValid=true, Min=(X=-2821.504 Y=98.715 Z=68.715), Max=(X=-2509.179 Y=261.285 Z=231.285) RuntimeGrid:None EditorOnly:0 RuntimeOnly:0 HLODRelevant:1
 |   |   |- Guid:9765ECF54858C165188C95B28D88016B BaseClass: NativeClass:/Script/Engine.StaticMeshActor Name:StaticMeshActor_12 Label:SM_Cube8 SpatiallyLoaded:1 Bounds:IsValid=true, Min=(X=1300.000 Y=2840.000 Z=0.000), Max=(X=2500.000 Y=3015.000 Z=200.000) RuntimeGrid:None EditorOnly:0 RuntimeOnly:0 HLODRelevant:1 FolderPath:Block02 FolderGuid:EBA23F8248252949750E43911A3A1CDD
 |   |   |- Guid:9BFF363746062F457E2F92A4631DBA20 BaseClass: NativeClass:/Script/Engine.StaticMeshActor Name:StaticMeshActor_11 Label:SM_ChamferCube3 SpatiallyLoaded:1 Bounds:IsValid=true, Min=(X=481.699 Y=2271.699 Z=0.013), Max=(X=618.301 Y=2408.301 Z=100.013) RuntimeGrid:None EditorOnly:0 RuntimeOnly:0 HLODRelevant:0
 |   |   |- Guid:A56216954B2165CF0F35A886B537D536 BaseClass: NativeClass:/Script/Engine.StaticMeshActor Name:StaticMeshActor_0 Label:SM_Cube5 SpatiallyLoaded:1 Bounds:IsValid=true, Min=(X=-3050.000 Y=100.000 Z=0.000), Max=(X=-2950.000 Y=3400.000 Z=400.000) RuntimeGrid:None EditorOnly:0 RuntimeOnly:0 HLODRelevant:1 FolderPath:Playground FolderGuid:C73F09FC4215536B1DCE2A9E0A830C70
 |   |   |- Guid:AE46411E472BEE0FC8016BA39CCA0514 BaseClass:/Game/BP_Meteor.BP_Meteor_C NativeClass:/Script/Engine.Actor Name:BP_Meteor_C_UAID_7C8AE1C2732D9B0A02_1779946338 Label:BP_Meteor2 SpatiallyLoaded:1 Bounds:IsValid=true, Min=(X=2434.000 Y=1904.000 Z=4.000), Max=(X=2506.000 Y=1976.000 Z=76.000) RuntimeGrid:None EditorOnly:0 RuntimeOnly:0 HLODRelevant:0
 |   |   |- Guid:B64FBCED48DDD0CE05AE0284EF3DF772 BaseClass:/Game/BP_Meteor_2.BP_Meteor_2_C NativeClass:/Script/Engine.Actor Name:BP_Meteor_2_C_UAID_7C8AE1C2732D9B0A02_1776418337 Label:BP_Meteor_3 SpatiallyLoaded:1 Bounds:IsValid=true, Min=(X=1854.000 Y=2194.000 Z=14.000), Max=(X=1926.000 Y=2266.000 Z=86.000) RuntimeGrid:None EditorOnly:0 RuntimeOnly:0 HLODRelevant:0
 |   |   |- Guid:B785ED2844B84CFB91E7F39FE661CD99 BaseClass: NativeClass:/Script/Engine.DirectionalLight Name:DirectionalLight_0 Label:DirectionalLight SpatiallyLoaded:0 Bounds:IsValid=true, Min=(X=-1048576.000 Y=-1048576.000 Z=-1048576.000), Max=(X=1048576.000 Y=1048576.000 Z=1048576.000) RuntimeGrid:None EditorOnly:0 RuntimeOnly:0 HLODRelevant:0 FolderPath:Lighting FolderGuid:963EC3EB4002CCE9759E2EBA541A873A
 |   |   |- Guid:C0EF4DCB4E292B8E80AF79B8D337F019 BaseClass:/Game/BP_Meteor.BP_Meteor_C NativeClass:/Script/Engine.Actor Name:BP_Meteor_C_UAID_7C8AE1C2732D580D02_2135002715 Label:BP_Meteor3 SpatiallyLoaded:1 Bounds:IsValid=true, Min=(X=1424.000 Y=1904.000 Z=4.000), Max=(X=1496.000 Y=1976.000 Z=76.000) RuntimeGrid:None EditorOnly:0 RuntimeOnly:0 HLODRelevant:0
 |   |   |- Guid:C87BAFF34F174CACBC087EAB58790077 BaseClass: NativeClass:/Script/Engine.StaticMeshActor Name:StaticMeshActor_UAID_7C8AE1C2732D1A0A02_1480438631 Label:model SpatiallyLoaded:1 Bounds:IsValid=true, Min=(X=-146.581 Y=6071.781 Z=9.906), Max=(X=1506.581 Y=6768.219 Z=488.596) RuntimeGrid:None EditorOnly:0 RuntimeOnly:0 HLODRelevant:1
 |   |   |- Guid:CA87B033422EF610D283389DD9A6A408 BaseClass:/Game/BP_Meteor_2.BP_Meteor_2_C NativeClass:/Script/Engine.Actor Name:BP_Meteor_2_C_UAID_7C8AE1C2732D9B0A02_1772128336 Label:BP_Meteor_2 SpatiallyLoaded:1 Bounds:IsValid=true, Min=(X=2664.000 Y=1154.000 Z=-6.000), Max=(X=2736.000 Y=1226.000 Z=66.000) RuntimeGrid:None EditorOnly:0 RuntimeOnly:0 HLODRelevant:0
 |   |   |- Guid:CCFF262C46EEFFDF319E7F9539CE697E BaseClass: NativeClass:/Script/Engine.SkyAtmosphere Name:SkyAtmosphere_0 Label:SkyAtmosphere SpatiallyLoaded:0 Bounds:IsValid=true, Min=(X=0.000 Y=0.000 Z=1020.000), Max=(X=0.000 Y=0.000 Z=1020.000) RuntimeGrid:None EditorOnly:0 RuntimeOnly:0 HLODRelevant:0 FolderPath:Lighting FolderGuid:963EC3EB4002CCE9759E2EBA541A873A
 |   |   |- Guid:D8B940834F287C22DA5C1EAF10BBAE19 BaseClass: NativeClass:/Script/Engine.StaticMeshActor Name:StaticMeshActor_UAID_7C8AE1C2732D580D02_1879551713 Label:SM_Cube11 SpatiallyLoaded:1 Bounds:IsValid=true, Min=(X=-2410.000 Y=579.576 Z=0.000), Max=(X=-1222.515 Y=1154.446 Z=200.000) RuntimeGrid:None EditorOnly:0 RuntimeOnly:0 HLODRelevant:1 FolderPath:Block02 FolderGuid:EBA23F8248252949750E43911A3A1CDD
 |   |   |- Guid:DD5DB87B48DAED984ACD94B5E5D90507 BaseClass: NativeClass:/Script/Engine.StaticMeshActor Name:StaticMeshActor_UAID_7C8AE1C2732D580D02_1881781714 Label:SM_Cube12 SpatiallyLoaded:1 Bounds:IsValid=true, Min=(X=1187.512 Y=230.000 Z=0.000), Max=(X=2219.253 Y=1135.403 Z=200.000) RuntimeGrid:None EditorOnly:0 RuntimeOnly:0 HLODRelevant:1 FolderPath:Block02 FolderGuid:EBA23F8248252949750E43911A3A1CDD
 |   |   |- Guid:E09A5085459EE41B1271A38D8A41EE24 BaseClass: NativeClass:/Script/Engine.StaticMeshActor Name:StaticMeshActor_UAID_7C8AE1C2732D0E0A02_1625483529 Label:SM_Cube14 SpatiallyLoaded:1 Bounds:IsValid=true, Min=(X=-2980.000 Y=100.000 Z=-80.000), Max=(X=2870.000 Y=3400.000 Z=-5.000) RuntimeGrid:None EditorOnly:0 RuntimeOnly:0 HLODRelevant:1 FolderPath:Playground FolderGuid:C73F09FC4215536B1DCE2A9E0A830C70
 |   |   |- Guid:E4AE72D446FEA861DAD6EAA3F31A81AD BaseClass: NativeClass:/Script/Engine.StaticMeshActor Name:StaticMeshActor_UAID_7C8AE1C2732D580D02_1878173712 Label:SM_Cube10 SpatiallyLoaded:1 Bounds:IsValid=true, Min=(X=180.000 Y=1510.000 Z=0.000), Max=(X=355.000 Y=2710.000 Z=200.000) RuntimeGrid:None EditorOnly:0 RuntimeOnly:0 HLODRelevant:1 FolderPath:Block02 FolderGuid:EBA23F8248252949750E43911A3A1CDD
 |   |   |- Guid:E73E39994140315EB81324BF0A5D6400 BaseClass: NativeClass:/Script/Engine.StaticMeshActor Name:StaticMeshActor_10 Label:SM_ChamferCube2 SpatiallyLoaded:1 Bounds:IsValid=true, Min=(X=992.077 Y=2692.077 Z=0.013), Max=(X=1107.923 Y=2807.923 Z=100.013) RuntimeGrid:None EditorOnly:0 RuntimeOnly:0 HLODRelevant:0
 |   |   |- Guid:EC4E0C944CE6AC6E784BC6BB2916EA13 BaseClass: NativeClass:/Script/Engine.StaticMeshActor Name:StaticMeshActor_UAID_A4AE111137DC5EFB00_1110535423 Label:SM_SkySphere SpatiallyLoaded:0 Bounds:IsValid=true, Min=(X=-1638400.000 Y=-1638400.000 Z=-1638400.000), Max=(X=1638400.000 Y=1638400.000 Z=1638400.000) RuntimeGrid:None EditorOnly:0 RuntimeOnly:0 HLODRelevant:1 FolderPath:Lighting FolderGuid:963EC3EB4002CCE9759E2EBA541A873A
 |   |   |- Guid:F5E3FEB3450C49844FD93DA8E083C8AD BaseClass: NativeClass:/Script/Engine.PostProcessVolume Name:PostProcessVolume_0 Label:PostProcessVolume SpatiallyLoaded:0 Bounds:IsValid=true, Min=(X=0.000 Y=0.000 Z=400.000), Max=(X=200.000 Y=200.000 Z=600.000) RuntimeGrid:None EditorOnly:0 RuntimeOnly:0 HLODRelevant:0 FolderPath:Lighting FolderGuid:963EC3EB4002CCE9759E2EBA541A873A
 |   |   |- Guid:FF698C67459ADB4982D7759C0905EE9F BaseClass: NativeClass:/Script/Engine.StaticMeshActor Name:StaticMeshActor_6 Label:SM_Cube3 SpatiallyLoaded:1 Bounds:IsValid=true, Min=(X=-2950.000 Y=3400.000 Z=0.000), Max=(X=2850.000 Y=3500.000 Z=400.000) RuntimeGrid:None EditorOnly:0 RuntimeOnly:0 HLODRelevant:1 FolderPath:Playground FolderGuid:C73F09FC4215536B1DCE2A9E0A830C70
 |   |- [+] Clusters:
 |   |   |- [+] [  0]
 |   |   |   |- Guid:6BAF4DDD444C60371492D3919DB42C97 BaseClass: NativeClass:/Script/Engine.WorldDataLayers Name:WorldDataLayers Label:WorldDataLayers SpatiallyLoaded:0 Bounds:IsValid=true, Min=(X=0.000 Y=0.000 Z=0.000), Max=(X=0.000 Y=0.000 Z=0.000) RuntimeGrid:None EditorOnly:0 RuntimeOnly:0 HLODRelevant:0
 |   |   |- [+] [  1]
 |   |   |   |- Guid:D8B940834F287C22DA5C1EAF10BBAE19 BaseClass: NativeClass:/Script/Engine.StaticMeshActor Name:StaticMeshActor_UAID_7C8AE1C2732D580D02_1879551713 Label:SM_Cube11 SpatiallyLoaded:1 Bounds:IsValid=true, Min=(X=-2410.000 Y=579.576 Z=0.000), Max=(X=-1222.515 Y=1154.446 Z=200.000) RuntimeGrid:None EditorOnly:0 RuntimeOnly:0 HLODRelevant:1 FolderPath:Block02 FolderGuid:EBA23F8248252949750E43911A3A1CDD
 |   |   |- [+] [  2]
 |   |   |   |- Guid:F5E3FEB3450C49844FD93DA8E083C8AD BaseClass: NativeClass:/Script/Engine.PostProcessVolume Name:PostProcessVolume_0 Label:PostProcessVolume SpatiallyLoaded:0 Bounds:IsValid=true, Min=(X=0.000 Y=0.000 Z=400.000), Max=(X=200.000 Y=200.000 Z=600.000) RuntimeGrid:None EditorOnly:0 RuntimeOnly:0 HLODRelevant:0 FolderPath:Lighting FolderGuid:963EC3EB4002CCE9759E2EBA541A873A
 |   |   |- [+] [  3]
 |   |   |   |- Guid:926B4BBD449291FF048834A43C4EBC79 BaseClass: NativeClass:/Script/Engine.Emitter Name:Emitter_UAID_7C8AE1C2732D1A0A02_2078183633 Label:P_Explosion SpatiallyLoaded:1 Bounds:IsValid=true, Min=(X=-19740.000 Y=2830.000 Z=14230.000), Max=(X=-19540.000 Y=3030.000 Z=14430.000) RuntimeGrid:None EditorOnly:0 RuntimeOnly:0 HLODRelevant:0
 |   |   |- [+] [  4]
 |   |   |   |- Guid:AE46411E472BEE0FC8016BA39CCA0514 BaseClass:/Game/BP_Meteor.BP_Meteor_C NativeClass:/Script/Engine.Actor Name:BP_Meteor_C_UAID_7C8AE1C2732D9B0A02_1779946338 Label:BP_Meteor2 SpatiallyLoaded:1 Bounds:IsValid=true, Min=(X=2434.000 Y=1904.000 Z=4.000), Max=(X=2506.000 Y=1976.000 Z=76.000) RuntimeGrid:None EditorOnly:0 RuntimeOnly:0 HLODRelevant:0
 |   |   |- [+] [  5]
 |   |   |   |- Guid:E73E39994140315EB81324BF0A5D6400 BaseClass: NativeClass:/Script/Engine.StaticMeshActor Name:StaticMeshActor_10 Label:SM_ChamferCube2 SpatiallyLoaded:1 Bounds:IsValid=true, Min=(X=992.077 Y=2692.077 Z=0.013), Max=(X=1107.923 Y=2807.923 Z=100.013) RuntimeGrid:None EditorOnly:0 RuntimeOnly:0 HLODRelevant:0
 |   |   |- [+] [  6]
 |   |   |   |- Guid:95793F804C816B0EF391E88131D4CF58 BaseClass: NativeClass:/Script/Engine.StaticMeshActor Name:StaticMeshActor_UAID_7C8AE1C2732D580D02_1875950711 Label:SM_Cube9 SpatiallyLoaded:1 Bounds:IsValid=true, Min=(X=-2651.345 Y=2038.259 Z=0.000), Max=(X=-1745.942 Y=3070.000 Z=200.000) RuntimeGrid:None EditorOnly:0 RuntimeOnly:0 HLODRelevant:1 FolderPath:Block02 FolderGuid:EBA23F8248252949750E43911A3A1CDD
 |   |   |- [+] [  7]
 |   |   |   |- Guid:CA87B033422EF610D283389DD9A6A408 BaseClass:/Game/BP_Meteor_2.BP_Meteor_2_C NativeClass:/Script/Engine.Actor Name:BP_Meteor_2_C_UAID_7C8AE1C2732D9B0A02_1772128336 Label:BP_Meteor_2 SpatiallyLoaded:1 Bounds:IsValid=true, Min=(X=2664.000 Y=1154.000 Z=-6.000), Max=(X=2736.000 Y=1226.000 Z=66.000) RuntimeGrid:None EditorOnly:0 RuntimeOnly:0 HLODRelevant:0
 |   |   |- [+] [  8]
 |   |   |   |- Guid:4D3BE93F4146AAAC8BBE79999D96D57F BaseClass: NativeClass:/Script/Engine.VolumetricCloud Name:VolumetricCloud_0 Label:VolumetricCloud SpatiallyLoaded:0 Bounds:IsValid=true, Min=(X=0.000 Y=0.000 Z=820.000), Max=(X=0.000 Y=0.000 Z=820.000) RuntimeGrid:None EditorOnly:0 RuntimeOnly:0 HLODRelevant:0 FolderPath:Lighting FolderGuid:963EC3EB4002CCE9759E2EBA541A873A
 |   |   |- [+] [  9]
 |   |   |   |- Guid:5BA7C5D74DDBD01D814AC59E8888741E BaseClass: NativeClass:/Script/Engine.StaticMeshActor Name:StaticMeshActor_UAID_7C8AE1C2732D680D02_1825988535 Label:Combined SpatiallyLoaded:1 Bounds:IsValid=true, Min=(X=-2845.959 Y=326.054 Z=-1.504), Max=(X=-2657.628 Y=514.385 Z=310.821) RuntimeGrid:None EditorOnly:0 RuntimeOnly:0 HLODRelevant:0
 |   |   |- [+] [ 10]
 |   |   |   |- Guid:C87BAFF34F174CACBC087EAB58790077 BaseClass: NativeClass:/Script/Engine.StaticMeshActor Name:StaticMeshActor_UAID_7C8AE1C2732D1A0A02_1480438631 Label:model SpatiallyLoaded:1 Bounds:IsValid=true, Min=(X=-146.581 Y=6071.781 Z=9.906), Max=(X=1506.581 Y=6768.219 Z=488.596) RuntimeGrid:None EditorOnly:0 RuntimeOnly:0 HLODRelevant:1
 |   |   |- [+] [ 11]
 |   |   |   |- Guid:1964E05448F73AA5409ECA8F8883496F BaseClass: NativeClass:/Script/Engine.StaticMeshActor Name:StaticMeshActor_UAID_7C8AE1C2732D0E0A02_1551923528 Label:Combined2 SpatiallyLoaded:1 Bounds:IsValid=true, Min=(X=0.000 Y=0.000 Z=-25.000), Max=(X=0.000 Y=0.000 Z=-25.000) RuntimeGrid:None EditorOnly:0 RuntimeOnly:0 HLODRelevant:0
 |   |   |- [+] [ 12]
 |   |   |   |- Guid:96B8577245EE20BF3971B991315781A2 BaseClass: NativeClass:/Script/Engine.StaticMeshActor Name:StaticMeshActor_UAID_7C8AE1C2732D1B0A02_1256889812 Label:uploads_files_3990703_Toy+Rocket SpatiallyLoaded:1 Bounds:IsValid=true, Min=(X=-2821.504 Y=98.715 Z=68.715), Max=(X=-2509.179 Y=261.285 Z=231.285) RuntimeGrid:None EditorOnly:0 RuntimeOnly:0 HLODRelevant:1
 |   |   |- [+] [ 13]
 |   |   |   |- Guid:CCFF262C46EEFFDF319E7F9539CE697E BaseClass: NativeClass:/Script/Engine.SkyAtmosphere Name:SkyAtmosphere_0 Label:SkyAtmosphere SpatiallyLoaded:0 Bounds:IsValid=true, Min=(X=0.000 Y=0.000 Z=1020.000), Max=(X=0.000 Y=0.000 Z=1020.000) RuntimeGrid:None EditorOnly:0 RuntimeOnly:0 HLODRelevant:0 FolderPath:Lighting FolderGuid:963EC3EB4002CCE9759E2EBA541A873A
 |   |   |- [+] [ 14]
 |   |   |   |- Guid:EC4E0C944CE6AC6E784BC6BB2916EA13 BaseClass: NativeClass:/Script/Engine.StaticMeshActor Name:StaticMeshActor_UAID_A4AE111137DC5EFB00_1110535423 Label:SM_SkySphere SpatiallyLoaded:0 Bounds:IsValid=true, Min=(X=-1638400.000 Y=-1638400.000 Z=-1638400.000), Max=(X=1638400.000 Y=1638400.000 Z=1638400.000) RuntimeGrid:None EditorOnly:0 RuntimeOnly:0 HLODRelevant:1 FolderPath:Lighting FolderGuid:963EC3EB4002CCE9759E2EBA541A873A
 |   |   |- [+] [ 15]
 |   |   |   |- Guid:9BFF363746062F457E2F92A4631DBA20 BaseClass: NativeClass:/Script/Engine.StaticMeshActor Name:StaticMeshActor_11 Label:SM_ChamferCube3 SpatiallyLoaded:1 Bounds:IsValid=true, Min=(X=481.699 Y=2271.699 Z=0.013), Max=(X=618.301 Y=2408.301 Z=100.013) RuntimeGrid:None EditorOnly:0 RuntimeOnly:0 HLODRelevant:0
 |   |   |- [+] [ 16]
 |   |   |   |- Guid:43815E84492231AFC407F59E3C28176B BaseClass: NativeClass:/Script/Engine.StaticMeshActor Name:StaticMeshActor_4 Label:SM_Cube6 SpatiallyLoaded:1 Bounds:IsValid=true, Min=(X=2900.000 Y=100.000 Z=0.000), Max=(X=3000.000 Y=3400.000 Z=400.000) RuntimeGrid:None EditorOnly:0 RuntimeOnly:0 HLODRelevant:1 FolderPath:Playground FolderGuid:C73F09FC4215536B1DCE2A9E0A830C70
 |   |   |- [+] [ 17]
 |   |   |   |- Guid:48FEA0564A2AF3ABDD8158800C0D08F0 BaseClass: NativeClass:/Script/Engine.StaticMeshActor Name:StaticMeshActor_UAID_7C8AE1C2732D1A0A02_2053313632 Label:3d-model SpatiallyLoaded:1 Bounds:IsValid=true, Min=(X=210.000 Y=4590.000 Z=360.000), Max=(X=210.000 Y=4590.000 Z=360.000) RuntimeGrid:None EditorOnly:0 RuntimeOnly:0 HLODRelevant:0
 |   |   |- [+] [ 18]
 |   |   |   |- Guid:B785ED2844B84CFB91E7F39FE661CD99 BaseClass: NativeClass:/Script/Engine.DirectionalLight Name:DirectionalLight_0 Label:DirectionalLight SpatiallyLoaded:0 Bounds:IsValid=true, Min=(X=-1048576.000 Y=-1048576.000 Z=-1048576.000), Max=(X=1048576.000 Y=1048576.000 Z=1048576.000) RuntimeGrid:None EditorOnly:0 RuntimeOnly:0 HLODRelevant:0 FolderPath:Lighting FolderGuid:963EC3EB4002CCE9759E2EBA541A873A
 |   |   |- [+] [ 19]
 |   |   |   |- Guid:316CF2A6494ACA4C0E4180A87D36AB8F BaseClass: NativeClass:/Script/Engine.ExponentialHeightFog Name:ExponentialHeightFog_0 Label:ExponentialHeightFog SpatiallyLoaded:0 Bounds:IsValid=true, Min=(X=-5600.000 Y=-50.000 Z=-6850.000), Max=(X=-5600.000 Y=-50.000 Z=-6850.000) RuntimeGrid:None EditorOnly:0 RuntimeOnly:0 HLODRelevant:0 FolderPath:Lighting FolderGuid:963EC3EB4002CCE9759E2EBA541A873A
 |   |   |- [+] [ 20]
 |   |   |   |- Guid:C0EF4DCB4E292B8E80AF79B8D337F019 BaseClass:/Game/BP_Meteor.BP_Meteor_C NativeClass:/Script/Engine.Actor Name:BP_Meteor_C_UAID_7C8AE1C2732D580D02_2135002715 Label:BP_Meteor3 SpatiallyLoaded:1 Bounds:IsValid=true, Min=(X=1424.000 Y=1904.000 Z=4.000), Max=(X=1496.000 Y=1976.000 Z=76.000) RuntimeGrid:None EditorOnly:0 RuntimeOnly:0 HLODRelevant:0
 |   |   |- [+] [ 21]
 |   |   |   |- Guid:2FB58999456391D349DC0F86DAC136ED BaseClass: NativeClass:/Script/Engine.SkyLight Name:SkyLight_1 Label:SkyLight SpatiallyLoaded:0 Bounds:IsValid=true, Min=(X=0.000 Y=0.000 Z=690.000), Max=(X=0.000 Y=0.000 Z=690.000) RuntimeGrid:None EditorOnly:0 RuntimeOnly:0 HLODRelevant:0 FolderPath:Lighting FolderGuid:963EC3EB4002CCE9759E2EBA541A873A
 |   |   |- [+] [ 22]
 |   |   |   |- Guid:9765ECF54858C165188C95B28D88016B BaseClass: NativeClass:/Script/Engine.StaticMeshActor Name:StaticMeshActor_12 Label:SM_Cube8 SpatiallyLoaded:1 Bounds:IsValid=true, Min=(X=1300.000 Y=2840.000 Z=0.000), Max=(X=2500.000 Y=3015.000 Z=200.000) RuntimeGrid:None EditorOnly:0 RuntimeOnly:0 HLODRelevant:1 FolderPath:Block02 FolderGuid:EBA23F8248252949750E43911A3A1CDD
 |   |   |- [+] [ 23]
 |   |   |   |- Guid:5C4AF33E4FBB0D5D3F2505B54BA4E339 BaseClass: NativeClass:/Script/Engine.StaticMeshActor Name:StaticMeshActor_UAID_7C8AE1C2732D1A0A02_2093891634 Label:SM_Lamp_Wall SpatiallyLoaded:1 Bounds:IsValid=true, Min=(X=-12090.066 Y=1861.691 Z=15279.952), Max=(X=-12071.691 Y=1898.309 Z=15309.370) RuntimeGrid:None EditorOnly:0 RuntimeOnly:0 HLODRelevant:1
 |   |   |- [+] [ 24]
 |   |   |   |- Guid:E09A5085459EE41B1271A38D8A41EE24 BaseClass: NativeClass:/Script/Engine.StaticMeshActor Name:StaticMeshActor_UAID_7C8AE1C2732D0E0A02_1625483529 Label:SM_Cube14 SpatiallyLoaded:1 Bounds:IsValid=true, Min=(X=-2980.000 Y=100.000 Z=-80.000), Max=(X=2870.000 Y=3400.000 Z=-5.000) RuntimeGrid:None EditorOnly:0 RuntimeOnly:0 HLODRelevant:1 FolderPath:Playground FolderGuid:C73F09FC4215536B1DCE2A9E0A830C70
 |   |   |- [+] [ 25]
 |   |   |   |- Guid:A56216954B2165CF0F35A886B537D536 BaseClass: NativeClass:/Script/Engine.StaticMeshActor Name:StaticMeshActor_0 Label:SM_Cube5 SpatiallyLoaded:1 Bounds:IsValid=true, Min=(X=-3050.000 Y=100.000 Z=0.000), Max=(X=-2950.000 Y=3400.000 Z=400.000) RuntimeGrid:None EditorOnly:0 RuntimeOnly:0 HLODRelevant:1 FolderPath:Playground FolderGuid:C73F09FC4215536B1DCE2A9E0A830C70
 |   |   |- [+] [ 26]
 |   |   |   |- Guid:DD5DB87B48DAED984ACD94B5E5D90507 BaseClass: NativeClass:/Script/Engine.StaticMeshActor Name:StaticMeshActor_UAID_7C8AE1C2732D580D02_1881781714 Label:SM_Cube12 SpatiallyLoaded:1 Bounds:IsValid=true, Min=(X=1187.512 Y=230.000 Z=0.000), Max=(X=2219.253 Y=1135.403 Z=200.000) RuntimeGrid:None EditorOnly:0 RuntimeOnly:0 HLODRelevant:1 FolderPath:Block02 FolderGuid:EBA23F8248252949750E43911A3A1CDD
 |   |   |- [+] [ 27]
 |   |   |   |- Guid:10BDFEA34390EB25C35510BC8125E126 BaseClass:/Game/Base/BP_BASE.BP_BASE_C NativeClass:/Script/Engine.Pawn Name:BP_BASE_C_UAID_7C8AE1C2732D5A0D02_1404439068 Label:BP_BASE SpatiallyLoaded:1 Bounds:IsValid=true, Min=(X=594.000 Y=2464.000 Z=-178.000), Max=(X=946.000 Y=2816.000 Z=318.000) RuntimeGrid:None EditorOnly:0 RuntimeOnly:0 HLODRelevant:0
 |   |   |- [+] [ 28]
 |   |   |   |- Guid:E4AE72D446FEA861DAD6EAA3F31A81AD BaseClass: NativeClass:/Script/Engine.StaticMeshActor Name:StaticMeshActor_UAID_7C8AE1C2732D580D02_1878173712 Label:SM_Cube10 SpatiallyLoaded:1 Bounds:IsValid=true, Min=(X=180.000 Y=1510.000 Z=0.000), Max=(X=355.000 Y=2710.000 Z=200.000) RuntimeGrid:None EditorOnly:0 RuntimeOnly:0 HLODRelevant:1 FolderPath:Block02 FolderGuid:EBA23F8248252949750E43911A3A1CDD
 |   |   |- [+] [ 29]
 |   |   |   |- Guid:FF698C67459ADB4982D7759C0905EE9F BaseClass: NativeClass:/Script/Engine.StaticMeshActor Name:StaticMeshActor_6 Label:SM_Cube3 SpatiallyLoaded:1 Bounds:IsValid=true, Min=(X=-2950.000 Y=3400.000 Z=0.000), Max=(X=2850.000 Y=3500.000 Z=400.000) RuntimeGrid:None EditorOnly:0 RuntimeOnly:0 HLODRelevant:1 FolderPath:Playground FolderGuid:C73F09FC4215536B1DCE2A9E0A830C70
 |   |   |- [+] [ 30]
 |   |   |   |- Guid:576FD2D34D6BF428E5EECC88A65D6903 BaseClass:/Game/BP_Meteor.BP_Meteor_C NativeClass:/Script/Engine.Actor Name:BP_Meteor_C_UAID_7C8AE1C2732D9A0A02_1296558159 Label:BP_Meteor SpatiallyLoaded:1 Bounds:IsValid=true, Min=(X=1584.000 Y=1004.000 Z=4.000), Max=(X=1656.000 Y=1076.000 Z=76.000) RuntimeGrid:None EditorOnly:0 RuntimeOnly:0 HLODRelevant:0
 |   |   |- [+] [ 31]
 |   |   |   |- Guid:B64FBCED48DDD0CE05AE0284EF3DF772 BaseClass:/Game/BP_Meteor_2.BP_Meteor_2_C NativeClass:/Script/Engine.Actor Name:BP_Meteor_2_C_UAID_7C8AE1C2732D9B0A02_1776418337 Label:BP_Meteor_3 SpatiallyLoaded:1 Bounds:IsValid=true, Min=(X=1854.000 Y=2194.000 Z=14.000), Max=(X=1926.000 Y=2266.000 Z=86.000) RuntimeGrid:None EditorOnly:0 RuntimeOnly:0 HLODRelevant:0
 |   |   |- [+] [ 32]
 |   |   |   |- Guid:745A095B4BA4E157E4537FA63F5B7B43 BaseClass: NativeClass:/Script/Engine.StaticMeshActor Name:StaticMeshActor_2 Label:SM_ChamferCube SpatiallyLoaded:1 Bounds:IsValid=true, Min=(X=790.000 Y=860.000 Z=0.013), Max=(X=890.000 Y=960.000 Z=100.013) RuntimeGrid:None EditorOnly:0 RuntimeOnly:0 HLODRelevant:0
 |   |   |- [+] [ 33]
 |   |   |   |- Guid:2D8DE07D4C702D950708E7BEF4A32193 BaseClass: NativeClass:/Script/Engine.StaticMeshActor Name:StaticMeshActor_UAID_7C8AE1C2732D6C0D02_1536788231 Label:3d-model2 SpatiallyLoaded:1 Bounds:IsValid=true, Min=(X=-2347.974 Y=45.534 Z=102.972), Max=(X=-1852.026 Y=254.466 Z=246.579) RuntimeGrid:None EditorOnly:0 RuntimeOnly:0 HLODRelevant:1
 |- ContainerInstances:
 |- [+] MainContainer:
 |   |-        ID: 0x0000000000000000
 |   |-    Bounds: IsValid=false, Min=(X=0.000 Y=0.000 Z=0.000), Max=(X=0.000 Y=0.000 Z=0.000)
 |   |- Transform: 0.000000,0.000000,0.000000|0.000000,0.000000,-0.000000|1.000000,1.000000,1.000000
 |   |- Container: /Game/ThirdPerson/Maps/ThirdPersonMap
----------------------------------------------------------------------------------------------------------------
ThirdPersonMap - Persistent Level
----------------------------------------------------------------------------------------------------------------
Always loaded Actor Count: 43 

----------------------------------------------------------------------------------------------------------------
ThirdPersonMap - Runtime Spatial Hash - Streaming Grid - MainGrid
----------------------------------------------------------------------------------------------------------------
            Origin: X=0.000 Y=0.000 Z=0.000
         Cell Size: 12800
      World Bounds: IsValid=false, Min=(X=0.000 Y=0.000 Z=0.000), Max=(X=0.000 Y=0.000 Z=0.000)
     Loading Range: 25600.00
Block Slow Loading: No
 ClientOnlyVisible: No

[+] Grid Levels: 1
 |- Level  0: Cell Count    0 | Cell Size   12800 | Actor Count    0 (0.0%)

[+] Content of Grid Level 0

